2024-03-13 16:57:22,115 - ERROR - A client error occurred: Too many requests, please wait before trying again. You have sent too many requests.  Wait before trying again.
2024-03-13 16:57:22,115 - ERROR - A client error occurred: Too many requests, please wait before trying again. You have sent too many requests.  Wait before trying again.
2024-03-13 16:57:22,115 - ERROR - A client error occurred: Too many requests, please wait before trying again. You have sent too many requests.  Wait before trying again.
2024-03-13 16:57:22,115 - ERROR - A client error occurred: Too many requests, please wait before trying again. You have sent too many requests.  Wait before trying again.
2024-03-13 16:57:22,115 - ERROR - A client error occurred: Too many requests, please wait before trying again. You have sent too many requests.  Wait before trying again.
2024-03-13 16:57:22,115 - ERROR - A client error occurred: Too many requests, please wait before trying again. You have sent too many requests.  Wait before trying again.
2024-03-13 16:57:22,115 - ERROR - A client error occurred: Too many requests, please wait before trying again. You have sent too many requests.  Wait before trying again.
2024-03-13 16:57:22,115 - ERROR - A client error occurred: Too many requests, please wait before trying again. You have sent too many requests.  Wait before trying again.
2024-03-13 16:57:22,115 - ERROR - A client error occurred: Too many requests, please wait before trying again. You have sent too many requests.  Wait before trying again.
2024-03-13 16:57:22,115 - ERROR - A client error occurred: Too many requests, please wait before trying again. You have sent too many requests.  Wait before trying again.
2024-03-13 16:57:22,115 - ERROR - A client error occurred: Too many requests, please wait before trying again. You have sent too many requests.  Wait before trying again.
2024-03-13 16:57:22,115 - ERROR - A client error occurred: Too many requests, please wait before trying again. You have sent too many requests.  Wait before trying again.
2024-03-13 16:57:22,115 - ERROR - A client error occurred: Too many requests, please wait before trying again. You have sent too many requests.  Wait before trying again.
2024-03-13 16:57:22,115 - ERROR - A client error occurred: Too many requests, please wait before trying again. You have sent too many requests.  Wait before trying again.
2024-03-13 16:57:22,115 - ERROR - A client error occurred: Too many requests, please wait before trying again. You have sent too many requests.  Wait before trying again.
2024-03-13 16:57:22,115 - ERROR - A client error occurred: Too many requests, please wait before trying again. You have sent too many requests.  Wait before trying again.
2024-03-13 16:57:22,115 - ERROR - A client error occurred: Too many requests, please wait before trying again. You have sent too many requests.  Wait before trying again.
2024-03-13 16:57:22,115 - ERROR - A client error occurred: Too many requests, please wait before trying again. You have sent too many requests.  Wait before trying again.
2024-03-13 16:57:22,115 - ERROR - A client error occurred: Too many requests, please wait before trying again. You have sent too many requests.  Wait before trying again.
2024-03-13 16:57:22,115 - ERROR - A client error occurred: Too many requests, please wait before trying again. You have sent too many requests.  Wait before trying again.
2024-03-13 16:57:22,115 - ERROR - A client error occurred: Too many requests, please wait before trying again. You have sent too many requests.  Wait before trying again.
2024-03-13 16:57:35,894 - ERROR - A client error occurred: messages: roles must alternate between "user" and "assistant", but found multiple "user" roles in a row
2024-03-13 16:57:35,894 - ERROR - A client error occurred: messages: roles must alternate between "user" and "assistant", but found multiple "user" roles in a row
2024-03-13 16:57:35,894 - ERROR - A client error occurred: messages: roles must alternate between "user" and "assistant", but found multiple "user" roles in a row
2024-03-13 16:57:35,894 - ERROR - A client error occurred: messages: roles must alternate between "user" and "assistant", but found multiple "user" roles in a row
2024-03-13 16:57:35,894 - ERROR - A client error occurred: messages: roles must alternate between "user" and "assistant", but found multiple "user" roles in a row
2024-03-13 16:57:35,894 - ERROR - A client error occurred: messages: roles must alternate between "user" and "assistant", but found multiple "user" roles in a row
2024-03-13 16:57:35,894 - ERROR - A client error occurred: messages: roles must alternate between "user" and "assistant", but found multiple "user" roles in a row
2024-03-13 16:57:35,894 - ERROR - A client error occurred: messages: roles must alternate between "user" and "assistant", but found multiple "user" roles in a row
2024-03-13 16:57:35,894 - ERROR - A client error occurred: messages: roles must alternate between "user" and "assistant", but found multiple "user" roles in a row
2024-03-13 16:57:35,894 - ERROR - A client error occurred: messages: roles must alternate between "user" and "assistant", but found multiple "user" roles in a row
2024-03-13 16:57:35,894 - ERROR - A client error occurred: messages: roles must alternate between "user" and "assistant", but found multiple "user" roles in a row
2024-03-13 16:57:35,894 - ERROR - A client error occurred: messages: roles must alternate between "user" and "assistant", but found multiple "user" roles in a row
2024-03-13 16:57:35,894 - ERROR - A client error occurred: messages: roles must alternate between "user" and "assistant", but found multiple "user" roles in a row
2024-03-13 16:57:35,894 - ERROR - A client error occurred: messages: roles must alternate between "user" and "assistant", but found multiple "user" roles in a row
2024-03-13 16:57:35,894 - ERROR - A client error occurred: messages: roles must alternate between "user" and "assistant", but found multiple "user" roles in a row
2024-03-13 16:57:35,894 - ERROR - A client error occurred: messages: roles must alternate between "user" and "assistant", but found multiple "user" roles in a row
2024-03-13 16:57:35,894 - ERROR - A client error occurred: messages: roles must alternate between "user" and "assistant", but found multiple "user" roles in a row
2024-03-13 16:57:35,894 - ERROR - A client error occurred: messages: roles must alternate between "user" and "assistant", but found multiple "user" roles in a row
2024-03-13 16:57:35,894 - ERROR - A client error occurred: messages: roles must alternate between "user" and "assistant", but found multiple "user" roles in a row
2024-03-13 16:57:35,894 - ERROR - A client error occurred: messages: roles must alternate between "user" and "assistant", but found multiple "user" roles in a row
2024-03-13 16:57:35,894 - ERROR - A client error occurred: messages: roles must alternate between "user" and "assistant", but found multiple "user" roles in a row
2024-03-13 16:57:35,894 - ERROR - A client error occurred: messages: roles must alternate between "user" and "assistant", but found multiple "user" roles in a row
2024-03-13 16:57:42,976 - ERROR - A client error occurred: Too many requests, please wait before trying again. You have sent too many requests.  Wait before trying again.
2024-03-13 16:57:42,976 - ERROR - A client error occurred: Too many requests, please wait before trying again. You have sent too many requests.  Wait before trying again.
2024-03-13 16:57:42,976 - ERROR - A client error occurred: Too many requests, please wait before trying again. You have sent too many requests.  Wait before trying again.
2024-03-13 16:57:42,976 - ERROR - A client error occurred: Too many requests, please wait before trying again. You have sent too many requests.  Wait before trying again.
2024-03-13 16:57:42,976 - ERROR - A client error occurred: Too many requests, please wait before trying again. You have sent too many requests.  Wait before trying again.
2024-03-13 16:57:42,976 - ERROR - A client error occurred: Too many requests, please wait before trying again. You have sent too many requests.  Wait before trying again.
2024-03-13 16:57:42,976 - ERROR - A client error occurred: Too many requests, please wait before trying again. You have sent too many requests.  Wait before trying again.
2024-03-13 16:57:42,976 - ERROR - A client error occurred: Too many requests, please wait before trying again. You have sent too many requests.  Wait before trying again.
2024-03-13 16:57:42,976 - ERROR - A client error occurred: Too many requests, please wait before trying again. You have sent too many requests.  Wait before trying again.
2024-03-13 16:57:42,976 - ERROR - A client error occurred: Too many requests, please wait before trying again. You have sent too many requests.  Wait before trying again.
2024-03-13 16:57:42,976 - ERROR - A client error occurred: Too many requests, please wait before trying again. You have sent too many requests.  Wait before trying again.
2024-03-13 16:57:42,976 - ERROR - A client error occurred: Too many requests, please wait before trying again. You have sent too many requests.  Wait before trying again.
2024-03-13 16:57:42,976 - ERROR - A client error occurred: Too many requests, please wait before trying again. You have sent too many requests.  Wait before trying again.
2024-03-13 16:57:42,976 - ERROR - A client error occurred: Too many requests, please wait before trying again. You have sent too many requests.  Wait before trying again.
2024-03-13 16:57:42,976 - ERROR - A client error occurred: Too many requests, please wait before trying again. You have sent too many requests.  Wait before trying again.
2024-03-13 16:57:42,976 - ERROR - A client error occurred: Too many requests, please wait before trying again. You have sent too many requests.  Wait before trying again.
2024-03-13 16:57:42,976 - ERROR - A client error occurred: Too many requests, please wait before trying again. You have sent too many requests.  Wait before trying again.
2024-03-13 16:57:42,976 - ERROR - A client error occurred: Too many requests, please wait before trying again. You have sent too many requests.  Wait before trying again.
2024-03-13 16:57:42,976 - ERROR - A client error occurred: Too many requests, please wait before trying again. You have sent too many requests.  Wait before trying again.
2024-03-13 16:57:42,976 - ERROR - A client error occurred: Too many requests, please wait before trying again. You have sent too many requests.  Wait before trying again.
2024-03-13 16:57:42,976 - ERROR - A client error occurred: Too many requests, please wait before trying again. You have sent too many requests.  Wait before trying again.
2024-03-13 16:57:42,976 - ERROR - A client error occurred: Too many requests, please wait before trying again. You have sent too many requests.  Wait before trying again.
2024-03-13 16:57:42,976 - ERROR - A client error occurred: Too many requests, please wait before trying again. You have sent too many requests.  Wait before trying again.
2024-03-13 16:57:42,976 - ERROR - A client error occurred: Too many requests, please wait before trying again. You have sent too many requests.  Wait before trying again.
2024-03-13 16:57:42,976 - ERROR - A client error occurred: Too many requests, please wait before trying again. You have sent too many requests.  Wait before trying again.
2024-03-13 17:13:20,952 - ERROR - A client error occurred: 1 validation error detected: Value at 'body' failed to satisfy constraint: Member must have length less than or equal to 25000000
2024-03-13 17:13:20,952 - ERROR - A client error occurred: 1 validation error detected: Value at 'body' failed to satisfy constraint: Member must have length less than or equal to 25000000
2024-03-13 17:13:20,952 - ERROR - A client error occurred: 1 validation error detected: Value at 'body' failed to satisfy constraint: Member must have length less than or equal to 25000000
2024-03-13 17:13:20,952 - ERROR - A client error occurred: 1 validation error detected: Value at 'body' failed to satisfy constraint: Member must have length less than or equal to 25000000
2024-03-13 17:13:20,952 - ERROR - A client error occurred: 1 validation error detected: Value at 'body' failed to satisfy constraint: Member must have length less than or equal to 25000000
2024-03-13 17:13:20,952 - ERROR - A client error occurred: 1 validation error detected: Value at 'body' failed to satisfy constraint: Member must have length less than or equal to 25000000
2024-03-13 17:13:20,952 - ERROR - A client error occurred: 1 validation error detected: Value at 'body' failed to satisfy constraint: Member must have length less than or equal to 25000000
2024-03-13 17:13:20,952 - ERROR - A client error occurred: 1 validation error detected: Value at 'body' failed to satisfy constraint: Member must have length less than or equal to 25000000
2024-03-13 17:13:20,952 - ERROR - A client error occurred: 1 validation error detected: Value at 'body' failed to satisfy constraint: Member must have length less than or equal to 25000000
2024-03-13 17:13:20,952 - ERROR - A client error occurred: 1 validation error detected: Value at 'body' failed to satisfy constraint: Member must have length less than or equal to 25000000
2024-03-13 17:13:20,952 - ERROR - A client error occurred: 1 validation error detected: Value at 'body' failed to satisfy constraint: Member must have length less than or equal to 25000000
2024-03-13 17:13:20,952 - ERROR - A client error occurred: 1 validation error detected: Value at 'body' failed to satisfy constraint: Member must have length less than or equal to 25000000
2024-03-13 17:13:20,952 - ERROR - A client error occurred: 1 validation error detected: Value at 'body' failed to satisfy constraint: Member must have length less than or equal to 25000000
2024-03-13 17:13:20,952 - ERROR - A client error occurred: 1 validation error detected: Value at 'body' failed to satisfy constraint: Member must have length less than or equal to 25000000
2024-03-13 17:13:20,952 - ERROR - A client error occurred: 1 validation error detected: Value at 'body' failed to satisfy constraint: Member must have length less than or equal to 25000000
2024-03-13 17:13:20,952 - ERROR - A client error occurred: 1 validation error detected: Value at 'body' failed to satisfy constraint: Member must have length less than or equal to 25000000
2024-03-13 17:13:20,952 - ERROR - A client error occurred: 1 validation error detected: Value at 'body' failed to satisfy constraint: Member must have length less than or equal to 25000000
2024-03-13 17:13:20,952 - ERROR - A client error occurred: 1 validation error detected: Value at 'body' failed to satisfy constraint: Member must have length less than or equal to 25000000
2024-03-13 17:13:20,952 - ERROR - A client error occurred: 1 validation error detected: Value at 'body' failed to satisfy constraint: Member must have length less than or equal to 25000000
2024-03-13 17:13:20,952 - ERROR - A client error occurred: 1 validation error detected: Value at 'body' failed to satisfy constraint: Member must have length less than or equal to 25000000
2024-03-13 17:13:20,952 - ERROR - A client error occurred: 1 validation error detected: Value at 'body' failed to satisfy constraint: Member must have length less than or equal to 25000000
2024-03-13 17:13:20,952 - ERROR - A client error occurred: 1 validation error detected: Value at 'body' failed to satisfy constraint: Member must have length less than or equal to 25000000
2024-03-13 17:13:20,952 - ERROR - A client error occurred: 1 validation error detected: Value at 'body' failed to satisfy constraint: Member must have length less than or equal to 25000000
2024-03-13 17:13:20,952 - ERROR - A client error occurred: 1 validation error detected: Value at 'body' failed to satisfy constraint: Member must have length less than or equal to 25000000
2024-03-13 17:13:20,952 - ERROR - A client error occurred: 1 validation error detected: Value at 'body' failed to satisfy constraint: Member must have length less than or equal to 25000000
2024-03-13 17:13:20,952 - ERROR - A client error occurred: 1 validation error detected: Value at 'body' failed to satisfy constraint: Member must have length less than or equal to 25000000
2024-03-13 17:13:20,952 - ERROR - A client error occurred: 1 validation error detected: Value at 'body' failed to satisfy constraint: Member must have length less than or equal to 25000000
2024-03-13 17:13:20,952 - ERROR - A client error occurred: 1 validation error detected: Value at 'body' failed to satisfy constraint: Member must have length less than or equal to 25000000
2024-03-13 17:13:20,952 - ERROR - A client error occurred: 1 validation error detected: Value at 'body' failed to satisfy constraint: Member must have length less than or equal to 25000000
2024-03-13 17:13:20,952 - ERROR - A client error occurred: 1 validation error detected: Value at 'body' failed to satisfy constraint: Member must have length less than or equal to 25000000
2024-03-13 17:13:20,952 - ERROR - A client error occurred: 1 validation error detected: Value at 'body' failed to satisfy constraint: Member must have length less than or equal to 25000000
2024-03-13 17:13:20,952 - ERROR - A client error occurred: 1 validation error detected: Value at 'body' failed to satisfy constraint: Member must have length less than or equal to 25000000
2024-03-13 17:13:20,952 - ERROR - A client error occurred: 1 validation error detected: Value at 'body' failed to satisfy constraint: Member must have length less than or equal to 25000000
2024-03-13 17:13:20,952 - ERROR - A client error occurred: 1 validation error detected: Value at 'body' failed to satisfy constraint: Member must have length less than or equal to 25000000
2024-03-13 17:13:20,952 - ERROR - A client error occurred: 1 validation error detected: Value at 'body' failed to satisfy constraint: Member must have length less than or equal to 25000000
2024-03-13 17:13:20,952 - ERROR - A client error occurred: 1 validation error detected: Value at 'body' failed to satisfy constraint: Member must have length less than or equal to 25000000
2024-03-13 17:13:20,952 - ERROR - A client error occurred: 1 validation error detected: Value at 'body' failed to satisfy constraint: Member must have length less than or equal to 25000000
2024-03-13 17:13:20,952 - ERROR - A client error occurred: 1 validation error detected: Value at 'body' failed to satisfy constraint: Member must have length less than or equal to 25000000
2024-03-13 17:13:20,952 - ERROR - A client error occurred: 1 validation error detected: Value at 'body' failed to satisfy constraint: Member must have length less than or equal to 25000000
2024-03-13 17:13:20,952 - ERROR - A client error occurred: 1 validation error detected: Value at 'body' failed to satisfy constraint: Member must have length less than or equal to 25000000
2024-03-13 17:13:20,952 - ERROR - A client error occurred: 1 validation error detected: Value at 'body' failed to satisfy constraint: Member must have length less than or equal to 25000000
2024-03-13 17:13:20,952 - ERROR - A client error occurred: 1 validation error detected: Value at 'body' failed to satisfy constraint: Member must have length less than or equal to 25000000
2024-03-13 17:13:20,952 - ERROR - A client error occurred: 1 validation error detected: Value at 'body' failed to satisfy constraint: Member must have length less than or equal to 25000000
2024-03-13 17:13:20,952 - ERROR - A client error occurred: 1 validation error detected: Value at 'body' failed to satisfy constraint: Member must have length less than or equal to 25000000
2024-03-13 17:13:20,952 - ERROR - A client error occurred: 1 validation error detected: Value at 'body' failed to satisfy constraint: Member must have length less than or equal to 25000000
2024-03-13 17:13:20,952 - ERROR - A client error occurred: 1 validation error detected: Value at 'body' failed to satisfy constraint: Member must have length less than or equal to 25000000
2024-03-13 17:13:20,952 - ERROR - A client error occurred: 1 validation error detected: Value at 'body' failed to satisfy constraint: Member must have length less than or equal to 25000000
2024-03-13 17:13:20,952 - ERROR - A client error occurred: 1 validation error detected: Value at 'body' failed to satisfy constraint: Member must have length less than or equal to 25000000
2024-03-13 17:13:20,952 - ERROR - A client error occurred: 1 validation error detected: Value at 'body' failed to satisfy constraint: Member must have length less than or equal to 25000000
2024-03-13 17:13:20,952 - ERROR - A client error occurred: 1 validation error detected: Value at 'body' failed to satisfy constraint: Member must have length less than or equal to 25000000
2024-03-13 17:13:20,952 - ERROR - A client error occurred: 1 validation error detected: Value at 'body' failed to satisfy constraint: Member must have length less than or equal to 25000000
2024-03-13 17:13:20,952 - ERROR - A client error occurred: 1 validation error detected: Value at 'body' failed to satisfy constraint: Member must have length less than or equal to 25000000
2024-03-13 17:13:20,952 - ERROR - A client error occurred: 1 validation error detected: Value at 'body' failed to satisfy constraint: Member must have length less than or equal to 25000000
2024-03-13 17:13:20,952 - ERROR - A client error occurred: 1 validation error detected: Value at 'body' failed to satisfy constraint: Member must have length less than or equal to 25000000
2024-03-13 17:13:20,952 - ERROR - A client error occurred: 1 validation error detected: Value at 'body' failed to satisfy constraint: Member must have length less than or equal to 25000000
2024-03-13 17:13:20,952 - ERROR - A client error occurred: 1 validation error detected: Value at 'body' failed to satisfy constraint: Member must have length less than or equal to 25000000
2024-03-13 17:13:20,952 - ERROR - A client error occurred: 1 validation error detected: Value at 'body' failed to satisfy constraint: Member must have length less than or equal to 25000000
2024-03-13 17:13:20,952 - ERROR - A client error occurred: 1 validation error detected: Value at 'body' failed to satisfy constraint: Member must have length less than or equal to 25000000
2024-03-13 17:13:20,952 - ERROR - A client error occurred: 1 validation error detected: Value at 'body' failed to satisfy constraint: Member must have length less than or equal to 25000000
2024-03-13 17:13:20,952 - ERROR - A client error occurred: 1 validation error detected: Value at 'body' failed to satisfy constraint: Member must have length less than or equal to 25000000
2024-03-13 17:13:20,952 - ERROR - A client error occurred: 1 validation error detected: Value at 'body' failed to satisfy constraint: Member must have length less than or equal to 25000000
2024-03-13 17:13:20,952 - ERROR - A client error occurred: 1 validation error detected: Value at 'body' failed to satisfy constraint: Member must have length less than or equal to 25000000
2024-03-13 17:13:20,952 - ERROR - A client error occurred: 1 validation error detected: Value at 'body' failed to satisfy constraint: Member must have length less than or equal to 25000000
2024-03-13 17:13:20,952 - ERROR - A client error occurred: 1 validation error detected: Value at 'body' failed to satisfy constraint: Member must have length less than or equal to 25000000
2024-03-13 17:13:20,952 - ERROR - A client error occurred: 1 validation error detected: Value at 'body' failed to satisfy constraint: Member must have length less than or equal to 25000000
2024-03-13 17:13:20,952 - ERROR - A client error occurred: 1 validation error detected: Value at 'body' failed to satisfy constraint: Member must have length less than or equal to 25000000
2024-03-13 17:13:20,952 - ERROR - A client error occurred: 1 validation error detected: Value at 'body' failed to satisfy constraint: Member must have length less than or equal to 25000000
2024-03-13 17:13:20,952 - ERROR - A client error occurred: 1 validation error detected: Value at 'body' failed to satisfy constraint: Member must have length less than or equal to 25000000
2024-03-13 17:13:20,952 - ERROR - A client error occurred: 1 validation error detected: Value at 'body' failed to satisfy constraint: Member must have length less than or equal to 25000000
2024-03-13 17:13:20,952 - ERROR - A client error occurred: 1 validation error detected: Value at 'body' failed to satisfy constraint: Member must have length less than or equal to 25000000
2024-03-13 17:14:55,009 - ERROR - A client error occurred: messages.0.content.0.image.source.base64: image exceeds 5 MB maximum: 7062572 bytes > 5242880 bytes
2024-03-13 17:14:55,009 - ERROR - A client error occurred: messages.0.content.0.image.source.base64: image exceeds 5 MB maximum: 7062572 bytes > 5242880 bytes
2024-03-13 17:14:55,009 - ERROR - A client error occurred: messages.0.content.0.image.source.base64: image exceeds 5 MB maximum: 7062572 bytes > 5242880 bytes
2024-03-13 17:14:55,009 - ERROR - A client error occurred: messages.0.content.0.image.source.base64: image exceeds 5 MB maximum: 7062572 bytes > 5242880 bytes
2024-03-13 17:14:55,009 - ERROR - A client error occurred: messages.0.content.0.image.source.base64: image exceeds 5 MB maximum: 7062572 bytes > 5242880 bytes
2024-03-13 17:14:55,009 - ERROR - A client error occurred: messages.0.content.0.image.source.base64: image exceeds 5 MB maximum: 7062572 bytes > 5242880 bytes
2024-03-13 17:14:55,009 - ERROR - A client error occurred: messages.0.content.0.image.source.base64: image exceeds 5 MB maximum: 7062572 bytes > 5242880 bytes
2024-03-13 17:14:55,009 - ERROR - A client error occurred: messages.0.content.0.image.source.base64: image exceeds 5 MB maximum: 7062572 bytes > 5242880 bytes
2024-03-13 17:14:55,009 - ERROR - A client error occurred: messages.0.content.0.image.source.base64: image exceeds 5 MB maximum: 7062572 bytes > 5242880 bytes
2024-03-13 17:14:55,009 - ERROR - A client error occurred: messages.0.content.0.image.source.base64: image exceeds 5 MB maximum: 7062572 bytes > 5242880 bytes
2024-03-13 17:14:55,009 - ERROR - A client error occurred: messages.0.content.0.image.source.base64: image exceeds 5 MB maximum: 7062572 bytes > 5242880 bytes
2024-03-13 17:14:55,009 - ERROR - A client error occurred: messages.0.content.0.image.source.base64: image exceeds 5 MB maximum: 7062572 bytes > 5242880 bytes
2024-03-13 17:14:55,009 - ERROR - A client error occurred: messages.0.content.0.image.source.base64: image exceeds 5 MB maximum: 7062572 bytes > 5242880 bytes
2024-03-13 17:14:55,009 - ERROR - A client error occurred: messages.0.content.0.image.source.base64: image exceeds 5 MB maximum: 7062572 bytes > 5242880 bytes
2024-03-13 17:14:55,009 - ERROR - A client error occurred: messages.0.content.0.image.source.base64: image exceeds 5 MB maximum: 7062572 bytes > 5242880 bytes
2024-03-13 17:14:55,009 - ERROR - A client error occurred: messages.0.content.0.image.source.base64: image exceeds 5 MB maximum: 7062572 bytes > 5242880 bytes
2024-03-13 17:14:55,009 - ERROR - A client error occurred: messages.0.content.0.image.source.base64: image exceeds 5 MB maximum: 7062572 bytes > 5242880 bytes
2024-03-13 17:14:55,009 - ERROR - A client error occurred: messages.0.content.0.image.source.base64: image exceeds 5 MB maximum: 7062572 bytes > 5242880 bytes
2024-03-13 17:14:55,009 - ERROR - A client error occurred: messages.0.content.0.image.source.base64: image exceeds 5 MB maximum: 7062572 bytes > 5242880 bytes
2024-03-13 17:14:55,009 - ERROR - A client error occurred: messages.0.content.0.image.source.base64: image exceeds 5 MB maximum: 7062572 bytes > 5242880 bytes
2024-03-13 17:14:55,009 - ERROR - A client error occurred: messages.0.content.0.image.source.base64: image exceeds 5 MB maximum: 7062572 bytes > 5242880 bytes
2024-03-13 17:14:55,009 - ERROR - A client error occurred: messages.0.content.0.image.source.base64: image exceeds 5 MB maximum: 7062572 bytes > 5242880 bytes
2024-03-13 17:14:55,009 - ERROR - A client error occurred: messages.0.content.0.image.source.base64: image exceeds 5 MB maximum: 7062572 bytes > 5242880 bytes
2024-03-13 17:14:55,009 - ERROR - A client error occurred: messages.0.content.0.image.source.base64: image exceeds 5 MB maximum: 7062572 bytes > 5242880 bytes
2024-03-13 17:14:55,009 - ERROR - A client error occurred: messages.0.content.0.image.source.base64: image exceeds 5 MB maximum: 7062572 bytes > 5242880 bytes
2024-03-13 17:14:55,009 - ERROR - A client error occurred: messages.0.content.0.image.source.base64: image exceeds 5 MB maximum: 7062572 bytes > 5242880 bytes
2024-03-13 17:14:55,009 - ERROR - A client error occurred: messages.0.content.0.image.source.base64: image exceeds 5 MB maximum: 7062572 bytes > 5242880 bytes
2024-03-13 17:14:55,009 - ERROR - A client error occurred: messages.0.content.0.image.source.base64: image exceeds 5 MB maximum: 7062572 bytes > 5242880 bytes
2024-03-13 17:14:55,009 - ERROR - A client error occurred: messages.0.content.0.image.source.base64: image exceeds 5 MB maximum: 7062572 bytes > 5242880 bytes
2024-03-13 17:14:55,009 - ERROR - A client error occurred: messages.0.content.0.image.source.base64: image exceeds 5 MB maximum: 7062572 bytes > 5242880 bytes
2024-03-13 17:14:55,009 - ERROR - A client error occurred: messages.0.content.0.image.source.base64: image exceeds 5 MB maximum: 7062572 bytes > 5242880 bytes
2024-03-13 17:14:55,009 - ERROR - A client error occurred: messages.0.content.0.image.source.base64: image exceeds 5 MB maximum: 7062572 bytes > 5242880 bytes
2024-03-13 17:14:55,009 - ERROR - A client error occurred: messages.0.content.0.image.source.base64: image exceeds 5 MB maximum: 7062572 bytes > 5242880 bytes
2024-03-13 17:14:55,009 - ERROR - A client error occurred: messages.0.content.0.image.source.base64: image exceeds 5 MB maximum: 7062572 bytes > 5242880 bytes
2024-03-13 17:14:55,009 - ERROR - A client error occurred: messages.0.content.0.image.source.base64: image exceeds 5 MB maximum: 7062572 bytes > 5242880 bytes
2024-03-13 17:14:55,009 - ERROR - A client error occurred: messages.0.content.0.image.source.base64: image exceeds 5 MB maximum: 7062572 bytes > 5242880 bytes
2024-03-13 17:14:55,009 - ERROR - A client error occurred: messages.0.content.0.image.source.base64: image exceeds 5 MB maximum: 7062572 bytes > 5242880 bytes
2024-03-13 17:14:55,009 - ERROR - A client error occurred: messages.0.content.0.image.source.base64: image exceeds 5 MB maximum: 7062572 bytes > 5242880 bytes
2024-03-13 17:14:55,009 - ERROR - A client error occurred: messages.0.content.0.image.source.base64: image exceeds 5 MB maximum: 7062572 bytes > 5242880 bytes
2024-03-13 17:14:55,009 - ERROR - A client error occurred: messages.0.content.0.image.source.base64: image exceeds 5 MB maximum: 7062572 bytes > 5242880 bytes
2024-03-13 17:14:55,009 - ERROR - A client error occurred: messages.0.content.0.image.source.base64: image exceeds 5 MB maximum: 7062572 bytes > 5242880 bytes
2024-03-13 17:14:55,009 - ERROR - A client error occurred: messages.0.content.0.image.source.base64: image exceeds 5 MB maximum: 7062572 bytes > 5242880 bytes
2024-03-13 17:14:55,009 - ERROR - A client error occurred: messages.0.content.0.image.source.base64: image exceeds 5 MB maximum: 7062572 bytes > 5242880 bytes
2024-03-13 17:14:55,009 - ERROR - A client error occurred: messages.0.content.0.image.source.base64: image exceeds 5 MB maximum: 7062572 bytes > 5242880 bytes
2024-03-13 17:14:55,009 - ERROR - A client error occurred: messages.0.content.0.image.source.base64: image exceeds 5 MB maximum: 7062572 bytes > 5242880 bytes
2024-03-13 17:14:55,009 - ERROR - A client error occurred: messages.0.content.0.image.source.base64: image exceeds 5 MB maximum: 7062572 bytes > 5242880 bytes
2024-03-13 17:14:55,009 - ERROR - A client error occurred: messages.0.content.0.image.source.base64: image exceeds 5 MB maximum: 7062572 bytes > 5242880 bytes
2024-03-13 17:14:55,009 - ERROR - A client error occurred: messages.0.content.0.image.source.base64: image exceeds 5 MB maximum: 7062572 bytes > 5242880 bytes
2024-03-13 17:14:55,009 - ERROR - A client error occurred: messages.0.content.0.image.source.base64: image exceeds 5 MB maximum: 7062572 bytes > 5242880 bytes
2024-03-13 17:14:55,009 - ERROR - A client error occurred: messages.0.content.0.image.source.base64: image exceeds 5 MB maximum: 7062572 bytes > 5242880 bytes
2024-03-13 17:14:55,009 - ERROR - A client error occurred: messages.0.content.0.image.source.base64: image exceeds 5 MB maximum: 7062572 bytes > 5242880 bytes
2024-03-13 17:14:55,009 - ERROR - A client error occurred: messages.0.content.0.image.source.base64: image exceeds 5 MB maximum: 7062572 bytes > 5242880 bytes
2024-03-13 17:14:55,009 - ERROR - A client error occurred: messages.0.content.0.image.source.base64: image exceeds 5 MB maximum: 7062572 bytes > 5242880 bytes
2024-03-13 17:14:55,009 - ERROR - A client error occurred: messages.0.content.0.image.source.base64: image exceeds 5 MB maximum: 7062572 bytes > 5242880 bytes
2024-03-13 17:14:55,009 - ERROR - A client error occurred: messages.0.content.0.image.source.base64: image exceeds 5 MB maximum: 7062572 bytes > 5242880 bytes
2024-03-13 17:14:55,009 - ERROR - A client error occurred: messages.0.content.0.image.source.base64: image exceeds 5 MB maximum: 7062572 bytes > 5242880 bytes
2024-03-13 17:14:55,009 - ERROR - A client error occurred: messages.0.content.0.image.source.base64: image exceeds 5 MB maximum: 7062572 bytes > 5242880 bytes
2024-03-13 17:14:55,009 - ERROR - A client error occurred: messages.0.content.0.image.source.base64: image exceeds 5 MB maximum: 7062572 bytes > 5242880 bytes
2024-03-13 17:14:55,009 - ERROR - A client error occurred: messages.0.content.0.image.source.base64: image exceeds 5 MB maximum: 7062572 bytes > 5242880 bytes
2024-03-13 17:14:55,009 - ERROR - A client error occurred: messages.0.content.0.image.source.base64: image exceeds 5 MB maximum: 7062572 bytes > 5242880 bytes
2024-03-13 17:14:55,009 - ERROR - A client error occurred: messages.0.content.0.image.source.base64: image exceeds 5 MB maximum: 7062572 bytes > 5242880 bytes
2024-03-13 17:14:55,009 - ERROR - A client error occurred: messages.0.content.0.image.source.base64: image exceeds 5 MB maximum: 7062572 bytes > 5242880 bytes
2024-03-13 17:14:55,009 - ERROR - A client error occurred: messages.0.content.0.image.source.base64: image exceeds 5 MB maximum: 7062572 bytes > 5242880 bytes
2024-03-13 17:14:55,009 - ERROR - A client error occurred: messages.0.content.0.image.source.base64: image exceeds 5 MB maximum: 7062572 bytes > 5242880 bytes
2024-03-13 17:14:55,009 - ERROR - A client error occurred: messages.0.content.0.image.source.base64: image exceeds 5 MB maximum: 7062572 bytes > 5242880 bytes
2024-03-13 17:14:55,009 - ERROR - A client error occurred: messages.0.content.0.image.source.base64: image exceeds 5 MB maximum: 7062572 bytes > 5242880 bytes
2024-03-13 17:14:55,009 - ERROR - A client error occurred: messages.0.content.0.image.source.base64: image exceeds 5 MB maximum: 7062572 bytes > 5242880 bytes
2024-03-13 17:14:55,009 - ERROR - A client error occurred: messages.0.content.0.image.source.base64: image exceeds 5 MB maximum: 7062572 bytes > 5242880 bytes
2024-03-13 17:14:55,009 - ERROR - A client error occurred: messages.0.content.0.image.source.base64: image exceeds 5 MB maximum: 7062572 bytes > 5242880 bytes
2024-03-13 17:14:55,009 - ERROR - A client error occurred: messages.0.content.0.image.source.base64: image exceeds 5 MB maximum: 7062572 bytes > 5242880 bytes
2024-03-13 17:14:55,009 - ERROR - A client error occurred: messages.0.content.0.image.source.base64: image exceeds 5 MB maximum: 7062572 bytes > 5242880 bytes
2024-03-13 17:14:55,009 - ERROR - A client error occurred: messages.0.content.0.image.source.base64: image exceeds 5 MB maximum: 7062572 bytes > 5242880 bytes
2024-03-13 17:14:55,009 - ERROR - A client error occurred: messages.0.content.0.image.source.base64: image exceeds 5 MB maximum: 7062572 bytes > 5242880 bytes
2024-03-13 17:14:55,009 - ERROR - A client error occurred: messages.0.content.0.image.source.base64: image exceeds 5 MB maximum: 7062572 bytes > 5242880 bytes
2024-03-13 17:14:55,009 - ERROR - A client error occurred: messages.0.content.0.image.source.base64: image exceeds 5 MB maximum: 7062572 bytes > 5242880 bytes
2024-03-13 17:14:55,009 - ERROR - A client error occurred: messages.0.content.0.image.source.base64: image exceeds 5 MB maximum: 7062572 bytes > 5242880 bytes
2024-03-13 17:14:55,009 - ERROR - A client error occurred: messages.0.content.0.image.source.base64: image exceeds 5 MB maximum: 7062572 bytes > 5242880 bytes
2024-03-13 17:14:55,009 - ERROR - A client error occurred: messages.0.content.0.image.source.base64: image exceeds 5 MB maximum: 7062572 bytes > 5242880 bytes
2024-03-13 17:52:14,070 - ERROR - A client error occurred: Too many requests, please wait before trying again. You have sent too many requests.  Wait before trying again.
2024-03-13 17:52:14,070 - ERROR - A client error occurred: Too many requests, please wait before trying again. You have sent too many requests.  Wait before trying again.
2024-03-13 17:52:14,070 - ERROR - A client error occurred: Too many requests, please wait before trying again. You have sent too many requests.  Wait before trying again.
2024-03-13 17:52:14,070 - ERROR - A client error occurred: Too many requests, please wait before trying again. You have sent too many requests.  Wait before trying again.
2024-03-13 17:52:14,070 - ERROR - A client error occurred: Too many requests, please wait before trying again. You have sent too many requests.  Wait before trying again.
2024-03-13 17:52:14,070 - ERROR - A client error occurred: Too many requests, please wait before trying again. You have sent too many requests.  Wait before trying again.
2024-03-13 17:52:14,070 - ERROR - A client error occurred: Too many requests, please wait before trying again. You have sent too many requests.  Wait before trying again.
2024-03-13 17:52:14,070 - ERROR - A client error occurred: Too many requests, please wait before trying again. You have sent too many requests.  Wait before trying again.
2024-03-13 17:52:14,070 - ERROR - A client error occurred: Too many requests, please wait before trying again. You have sent too many requests.  Wait before trying again.
2024-03-13 17:52:14,070 - ERROR - A client error occurred: Too many requests, please wait before trying again. You have sent too many requests.  Wait before trying again.
2024-03-13 17:52:14,070 - ERROR - A client error occurred: Too many requests, please wait before trying again. You have sent too many requests.  Wait before trying again.
2024-03-13 17:52:14,070 - ERROR - A client error occurred: Too many requests, please wait before trying again. You have sent too many requests.  Wait before trying again.
2024-03-13 17:52:14,070 - ERROR - A client error occurred: Too many requests, please wait before trying again. You have sent too many requests.  Wait before trying again.
2024-03-13 17:52:14,070 - ERROR - A client error occurred: Too many requests, please wait before trying again. You have sent too many requests.  Wait before trying again.
2024-03-13 17:52:14,070 - ERROR - A client error occurred: Too many requests, please wait before trying again. You have sent too many requests.  Wait before trying again.
2024-03-13 17:52:14,070 - ERROR - A client error occurred: Too many requests, please wait before trying again. You have sent too many requests.  Wait before trying again.
2024-03-13 17:52:14,070 - ERROR - A client error occurred: Too many requests, please wait before trying again. You have sent too many requests.  Wait before trying again.
2024-03-13 17:52:14,070 - ERROR - A client error occurred: Too many requests, please wait before trying again. You have sent too many requests.  Wait before trying again.
2024-03-13 17:52:14,070 - ERROR - A client error occurred: Too many requests, please wait before trying again. You have sent too many requests.  Wait before trying again.
2024-03-13 17:52:14,070 - ERROR - A client error occurred: Too many requests, please wait before trying again. You have sent too many requests.  Wait before trying again.
2024-03-13 17:52:14,070 - ERROR - A client error occurred: Too many requests, please wait before trying again. You have sent too many requests.  Wait before trying again.
2024-03-13 17:52:14,070 - ERROR - A client error occurred: Too many requests, please wait before trying again. You have sent too many requests.  Wait before trying again.
2024-03-13 17:52:14,070 - ERROR - A client error occurred: Too many requests, please wait before trying again. You have sent too many requests.  Wait before trying again.
2024-03-13 17:52:14,070 - ERROR - A client error occurred: Too many requests, please wait before trying again. You have sent too many requests.  Wait before trying again.
2024-03-13 17:52:14,070 - ERROR - A client error occurred: Too many requests, please wait before trying again. You have sent too many requests.  Wait before trying again.
2024-03-13 17:52:14,070 - ERROR - A client error occurred: Too many requests, please wait before trying again. You have sent too many requests.  Wait before trying again.
2024-03-13 17:52:14,070 - ERROR - A client error occurred: Too many requests, please wait before trying again. You have sent too many requests.  Wait before trying again.
2024-03-13 17:52:14,070 - ERROR - A client error occurred: Too many requests, please wait before trying again. You have sent too many requests.  Wait before trying again.
2024-03-13 17:52:14,070 - ERROR - A client error occurred: Too many requests, please wait before trying again. You have sent too many requests.  Wait before trying again.
2024-03-13 17:52:14,070 - ERROR - A client error occurred: Too many requests, please wait before trying again. You have sent too many requests.  Wait before trying again.
2024-03-13 17:52:14,070 - ERROR - A client error occurred: Too many requests, please wait before trying again. You have sent too many requests.  Wait before trying again.
2024-03-13 17:52:14,070 - ERROR - A client error occurred: Too many requests, please wait before trying again. You have sent too many requests.  Wait before trying again.
2024-03-13 17:52:14,070 - ERROR - A client error occurred: Too many requests, please wait before trying again. You have sent too many requests.  Wait before trying again.
2024-03-13 17:52:14,070 - ERROR - A client error occurred: Too many requests, please wait before trying again. You have sent too many requests.  Wait before trying again.
2024-03-13 17:52:14,070 - ERROR - A client error occurred: Too many requests, please wait before trying again. You have sent too many requests.  Wait before trying again.
2024-03-13 17:52:14,070 - ERROR - A client error occurred: Too many requests, please wait before trying again. You have sent too many requests.  Wait before trying again.
2024-03-13 17:52:14,070 - ERROR - A client error occurred: Too many requests, please wait before trying again. You have sent too many requests.  Wait before trying again.
2024-03-13 17:52:14,070 - ERROR - A client error occurred: Too many requests, please wait before trying again. You have sent too many requests.  Wait before trying again.
2024-03-13 17:52:14,070 - ERROR - A client error occurred: Too many requests, please wait before trying again. You have sent too many requests.  Wait before trying again.
2024-03-13 17:52:14,070 - ERROR - A client error occurred: Too many requests, please wait before trying again. You have sent too many requests.  Wait before trying again.
2024-03-13 17:52:14,070 - ERROR - A client error occurred: Too many requests, please wait before trying again. You have sent too many requests.  Wait before trying again.
2024-03-13 17:52:14,070 - ERROR - A client error occurred: Too many requests, please wait before trying again. You have sent too many requests.  Wait before trying again.
2024-03-13 17:52:14,070 - ERROR - A client error occurred: Too many requests, please wait before trying again. You have sent too many requests.  Wait before trying again.
2024-03-13 17:52:14,070 - ERROR - A client error occurred: Too many requests, please wait before trying again. You have sent too many requests.  Wait before trying again.
2024-03-13 17:52:14,070 - ERROR - A client error occurred: Too many requests, please wait before trying again. You have sent too many requests.  Wait before trying again.
2024-03-13 17:52:14,070 - ERROR - A client error occurred: Too many requests, please wait before trying again. You have sent too many requests.  Wait before trying again.
2024-03-13 17:52:14,070 - ERROR - A client error occurred: Too many requests, please wait before trying again. You have sent too many requests.  Wait before trying again.
2024-03-13 17:52:14,070 - ERROR - A client error occurred: Too many requests, please wait before trying again. You have sent too many requests.  Wait before trying again.
2024-03-13 17:52:14,070 - ERROR - A client error occurred: Too many requests, please wait before trying again. You have sent too many requests.  Wait before trying again.
2024-03-13 17:52:14,070 - ERROR - A client error occurred: Too many requests, please wait before trying again. You have sent too many requests.  Wait before trying again.
2024-03-13 17:52:14,070 - ERROR - A client error occurred: Too many requests, please wait before trying again. You have sent too many requests.  Wait before trying again.
2024-03-13 17:52:14,070 - ERROR - A client error occurred: Too many requests, please wait before trying again. You have sent too many requests.  Wait before trying again.
2024-03-13 17:52:14,070 - ERROR - A client error occurred: Too many requests, please wait before trying again. You have sent too many requests.  Wait before trying again.
2024-03-13 17:52:14,070 - ERROR - A client error occurred: Too many requests, please wait before trying again. You have sent too many requests.  Wait before trying again.
2024-03-13 17:52:14,070 - ERROR - A client error occurred: Too many requests, please wait before trying again. You have sent too many requests.  Wait before trying again.
2024-03-13 17:52:14,070 - ERROR - A client error occurred: Too many requests, please wait before trying again. You have sent too many requests.  Wait before trying again.
2024-03-13 17:52:14,070 - ERROR - A client error occurred: Too many requests, please wait before trying again. You have sent too many requests.  Wait before trying again.
2024-03-13 17:52:14,070 - ERROR - A client error occurred: Too many requests, please wait before trying again. You have sent too many requests.  Wait before trying again.
2024-03-13 17:52:14,070 - ERROR - A client error occurred: Too many requests, please wait before trying again. You have sent too many requests.  Wait before trying again.
2024-03-13 17:52:14,070 - ERROR - A client error occurred: Too many requests, please wait before trying again. You have sent too many requests.  Wait before trying again.
2024-03-13 17:52:14,070 - ERROR - A client error occurred: Too many requests, please wait before trying again. You have sent too many requests.  Wait before trying again.
2024-03-13 17:52:14,070 - ERROR - A client error occurred: Too many requests, please wait before trying again. You have sent too many requests.  Wait before trying again.
2024-03-13 17:52:14,070 - ERROR - A client error occurred: Too many requests, please wait before trying again. You have sent too many requests.  Wait before trying again.
2024-03-13 17:52:14,070 - ERROR - A client error occurred: Too many requests, please wait before trying again. You have sent too many requests.  Wait before trying again.
2024-03-13 17:52:14,070 - ERROR - A client error occurred: Too many requests, please wait before trying again. You have sent too many requests.  Wait before trying again.
2024-03-13 17:52:14,070 - ERROR - A client error occurred: Too many requests, please wait before trying again. You have sent too many requests.  Wait before trying again.
2024-03-13 17:52:14,070 - ERROR - A client error occurred: Too many requests, please wait before trying again. You have sent too many requests.  Wait before trying again.
2024-03-13 17:52:14,070 - ERROR - A client error occurred: Too many requests, please wait before trying again. You have sent too many requests.  Wait before trying again.
2024-03-13 17:52:14,070 - ERROR - A client error occurred: Too many requests, please wait before trying again. You have sent too many requests.  Wait before trying again.
2024-03-13 17:52:14,070 - ERROR - A client error occurred: Too many requests, please wait before trying again. You have sent too many requests.  Wait before trying again.
2024-03-13 17:52:14,070 - ERROR - A client error occurred: Too many requests, please wait before trying again. You have sent too many requests.  Wait before trying again.
2024-03-13 17:52:14,070 - ERROR - A client error occurred: Too many requests, please wait before trying again. You have sent too many requests.  Wait before trying again.
2024-03-13 17:52:14,070 - ERROR - A client error occurred: Too many requests, please wait before trying again. You have sent too many requests.  Wait before trying again.
2024-03-13 17:52:14,070 - ERROR - A client error occurred: Too many requests, please wait before trying again. You have sent too many requests.  Wait before trying again.
2024-03-13 17:52:14,070 - ERROR - A client error occurred: Too many requests, please wait before trying again. You have sent too many requests.  Wait before trying again.
2024-03-13 17:52:14,070 - ERROR - A client error occurred: Too many requests, please wait before trying again. You have sent too many requests.  Wait before trying again.
2024-03-13 17:52:14,070 - ERROR - A client error occurred: Too many requests, please wait before trying again. You have sent too many requests.  Wait before trying again.
2024-03-13 17:52:14,070 - ERROR - A client error occurred: Too many requests, please wait before trying again. You have sent too many requests.  Wait before trying again.
2024-03-13 17:52:14,070 - ERROR - A client error occurred: Too many requests, please wait before trying again. You have sent too many requests.  Wait before trying again.
2024-03-13 17:52:14,070 - ERROR - A client error occurred: Too many requests, please wait before trying again. You have sent too many requests.  Wait before trying again.
2024-03-13 17:52:14,070 - ERROR - A client error occurred: Too many requests, please wait before trying again. You have sent too many requests.  Wait before trying again.
2024-03-13 17:52:14,070 - ERROR - A client error occurred: Too many requests, please wait before trying again. You have sent too many requests.  Wait before trying again.
2024-03-13 17:52:14,070 - ERROR - A client error occurred: Too many requests, please wait before trying again. You have sent too many requests.  Wait before trying again.
2024-03-13 17:52:14,070 - ERROR - A client error occurred: Too many requests, please wait before trying again. You have sent too many requests.  Wait before trying again.
2024-03-13 17:52:14,070 - ERROR - A client error occurred: Too many requests, please wait before trying again. You have sent too many requests.  Wait before trying again.
2024-03-13 17:52:14,070 - ERROR - A client error occurred: Too many requests, please wait before trying again. You have sent too many requests.  Wait before trying again.
2024-03-13 17:52:14,070 - ERROR - A client error occurred: Too many requests, please wait before trying again. You have sent too many requests.  Wait before trying again.
2024-03-13 17:52:14,070 - ERROR - A client error occurred: Too many requests, please wait before trying again. You have sent too many requests.  Wait before trying again.
2024-03-13 17:52:14,070 - ERROR - A client error occurred: Too many requests, please wait before trying again. You have sent too many requests.  Wait before trying again.
2024-03-13 17:52:14,070 - ERROR - A client error occurred: Too many requests, please wait before trying again. You have sent too many requests.  Wait before trying again.
2024-03-13 17:52:14,070 - ERROR - A client error occurred: Too many requests, please wait before trying again. You have sent too many requests.  Wait before trying again.
2024-03-14 10:28:29,823 - ERROR - A client error occurred: You don't have access to the model with the specified model ID.
2024-03-14 10:28:29,823 - ERROR - A client error occurred: You don't have access to the model with the specified model ID.
2024-03-14 10:28:29,823 - ERROR - A client error occurred: You don't have access to the model with the specified model ID.
2024-03-14 10:28:29,823 - ERROR - A client error occurred: You don't have access to the model with the specified model ID.
2024-03-14 10:28:29,823 - ERROR - A client error occurred: You don't have access to the model with the specified model ID.
2024-03-14 10:28:29,823 - ERROR - A client error occurred: You don't have access to the model with the specified model ID.
2024-03-14 10:28:29,823 - ERROR - A client error occurred: You don't have access to the model with the specified model ID.
2024-03-14 10:28:29,823 - ERROR - A client error occurred: You don't have access to the model with the specified model ID.
